<?xml version="1.0" encoding="UTF-8"?>
<!-- Generated by org.testng.reporters.JUnitReportReporter -->
<testsuite skipped="0" hostname="DESKTOP-QV51M3L" name="com.run.firstRun" tests="1" failures="0" timestamp="17 Dec 2018 21:27:40 GMT" time="0.018" errors="0">
  <testcase name="hello" time="0.018" classname="com.run.firstRun"/>
</testsuite> <!-- com.run.firstRun -->
